<?xml version="1.0" encoding="UTF-8"?>
<!-- Generated by org.testng.reporters.JUnitXMLReporter -->
<testsuite hostname="DESKTOP-SN1AT9M" name="NegativeTests" tests="2" failures="0" timestamp="2 Feb 2019 06:39:10 GMT" time="6.317" errors="0">
  <testcase name="TC4_RepoSearch_UserGoogleTypeRepoSortCreatedOrderDescPage1000PerPage50_ExpectedMessageError" time="5.505" classname="celltrak.challenge.test.GitRepositoriesSearch_NegativeScenariosTests"/>
  <testcase name="TC5_RepoSearch_UserLanguageSortStarsOrderDescPage1PerPage5_Expected422Code" time="0.655" classname="celltrak.challenge.test.GitRepositoriesSearch_NegativeScenariosTests"/>
</testsuite> <!-- NegativeTests -->
