<?xml version="1.0" encoding="UTF-8"?>
<testng-results skipped="0" failed="0" total="5" passed="5">
  <reporter-output>
  </reporter-output>
  <suite name="Suite" duration-ms="9261" started-at="2019-02-02T06:39:02Z" finished-at="2019-02-02T06:39:11Z">
    <groups>
    </groups>
    <test name="NegativeTests" duration-ms="6317" started-at="2019-02-02T06:39:02Z" finished-at="2019-02-02T06:39:08Z">
      <class name="celltrak.challenge.test.GitRepositoriesSearch_NegativeScenariosTests">
        <test-method status="PASS" signature="init()[pri:0, instance:celltrak.challenge.test.GitRepositoriesSearch_NegativeScenariosTests@4de8b406]" name="init" is-config="true" duration-ms="927" started-at="2019-02-01T22:39:01Z" finished-at="2019-02-01T22:39:02Z">
          <reporter-output>
          </reporter-output>
        </test-method> <!-- init -->
        <test-method status="PASS" signature="TC4_RepoSearch_UserGoogleTypeRepoSortCreatedOrderDescPage1000PerPage50_ExpectedMessageError(celltrak.challenge.model.RepositorySearchParam)[pri:0, instance:celltrak.challenge.test.GitRepositoriesSearch_NegativeScenariosTests@4de8b406]" name="TC4_RepoSearch_UserGoogleTypeRepoSortCreatedOrderDescPage1000PerPage50_ExpectedMessageError" duration-ms="5505" started-at="2019-02-01T22:39:02Z" data-provider="PositiveTestScenarios" finished-at="2019-02-01T22:39:08Z">
          <params>
            <param index="0">
              <value>
                <![CDATA[RepositorySearchParam{testCaseName='TC4_RepoSearch_UserGoogleTypeRepoSortCreatedOrderDescPage1000PerPage50_ExpectedMessageError', q='user:google', type='Repositories', sort='created', order='desc', page='1000', per_page='50'}]]>
              </value>
            </param>
          </params>
          <reporter-output>
          </reporter-output>
        </test-method> <!-- TC4_RepoSearch_UserGoogleTypeRepoSortCreatedOrderDescPage1000PerPage50_ExpectedMessageError -->
        <test-method status="PASS" signature="TC5_RepoSearch_UserLanguageSortStarsOrderDescPage1PerPage5_Expected422Code(celltrak.challenge.model.RepositorySearchParam)[pri:0, instance:celltrak.challenge.test.GitRepositoriesSearch_NegativeScenariosTests@4de8b406]" name="TC5_RepoSearch_UserLanguageSortStarsOrderDescPage1PerPage5_Expected422Code" duration-ms="655" started-at="2019-02-01T22:39:08Z" data-provider="PositiveTestScenarios" finished-at="2019-02-01T22:39:08Z">
          <params>
            <param index="0">
              <value>
                <![CDATA[RepositorySearchParam{testCaseName='TC5_RepoSearch_UserLanguageSortStarsOrderDescPage1PerPage5_Expected422Code', q='user:mkyong+language:java', type='', sort='stars', order='desc', page='1', per_page='5'}]]>
              </value>
            </param>
          </params>
          <reporter-output>
          </reporter-output>
        </test-method> <!-- TC5_RepoSearch_UserLanguageSortStarsOrderDescPage1PerPage5_Expected422Code -->
      </class> <!-- celltrak.challenge.test.GitRepositoriesSearch_NegativeScenariosTests -->
    </test> <!-- NegativeTests -->
    <test name="PositiveTests" duration-ms="9261" started-at="2019-02-02T06:39:02Z" finished-at="2019-02-02T06:39:11Z">
      <class name="celltrak.challenge.test.GitRepositoriesSearch_PositiveScenariosTests">
        <test-method status="PASS" signature="TC1_RepoSearch_UserNetflixTypeRepoSortCreatedOrderDescPage1PerPage25_Expected200Code(celltrak.challenge.model.RepositorySearchParam)[pri:0, instance:celltrak.challenge.test.GitRepositoriesSearch_PositiveScenariosTests@366e2eef]" name="TC1_RepoSearch_UserNetflixTypeRepoSortCreatedOrderDescPage1PerPage25_Expected200Code" duration-ms="5855" started-at="2019-02-01T22:39:02Z" data-provider="PositiveTestScenarios" finished-at="2019-02-01T22:39:08Z">
          <params>
            <param index="0">
              <value>
                <![CDATA[RepositorySearchParam{testCaseName='TC1_RepoSearch_UserNetflixTypeRepoSortCreatedOrderDescPage1PerPage25_Expected200Code', q='user:Netflix', type='Repositories', sort='created', order='desc', page='1', per_page='25'}]]>
              </value>
            </param>
          </params>
          <reporter-output>
          </reporter-output>
        </test-method> <!-- TC1_RepoSearch_UserNetflixTypeRepoSortCreatedOrderDescPage1PerPage25_Expected200Code -->
        <test-method status="PASS" signature="TC2_RepoSearch_UserBaeldungTypeRepoSortUpdatedPage1_ExpectedTotalCountGreaterThanOrEqualTo10(celltrak.challenge.model.RepositorySearchParam)[pri:0, instance:celltrak.challenge.test.GitRepositoriesSearch_PositiveScenariosTests@366e2eef]" name="TC2_RepoSearch_UserBaeldungTypeRepoSortUpdatedPage1_ExpectedTotalCountGreaterThanOrEqualTo10" duration-ms="1067" started-at="2019-02-01T22:39:08Z" data-provider="PositiveTestScenarios" finished-at="2019-02-01T22:39:09Z">
          <params>
            <param index="0">
              <value>
                <![CDATA[RepositorySearchParam{testCaseName='TC2_RepoSearch_UserBaeldungTypeRepoSortUpdatedPage1_ExpectedTotalCountGreaterThanOrEqualTo10', q='user:baeldung', type='Repositories', sort='updated', order='desc', page='1', per_page='10'}]]>
              </value>
            </param>
          </params>
          <reporter-output>
          </reporter-output>
        </test-method> <!-- TC2_RepoSearch_UserBaeldungTypeRepoSortUpdatedPage1_ExpectedTotalCountGreaterThanOrEqualTo10 -->
        <test-method status="PASS" signature="TC3_RepoSearch_UserGoogleTypeRepoSortCreatedOrderDescPage10PerPage50_ExpectedTotalIDsEqualTo100(celltrak.challenge.model.RepositorySearchParam)[pri:0, instance:celltrak.challenge.test.GitRepositoriesSearch_PositiveScenariosTests@366e2eef]" name="TC3_RepoSearch_UserGoogleTypeRepoSortCreatedOrderDescPage10PerPage50_ExpectedTotalIDsEqualTo100" duration-ms="2179" started-at="2019-02-01T22:39:09Z" data-provider="PositiveTestScenarios" finished-at="2019-02-01T22:39:11Z">
          <params>
            <param index="0">
              <value>
                <![CDATA[RepositorySearchParam{testCaseName='TC3_RepoSearch_UserGoogleTypeRepoSortCreatedOrderDescPage10PerPage50_ExpectedTotalIDsEqualTo100', q='user:google', type='Repositories', sort='created', order='desc', page='10', per_page='50'}]]>
              </value>
            </param>
          </params>
          <reporter-output>
          </reporter-output>
        </test-method> <!-- TC3_RepoSearch_UserGoogleTypeRepoSortCreatedOrderDescPage10PerPage50_ExpectedTotalIDsEqualTo100 -->
      </class> <!-- celltrak.challenge.test.GitRepositoriesSearch_PositiveScenariosTests -->
    </test> <!-- PositiveTests -->
  </suite> <!-- Suite -->
</testng-results>
